<?xml version="1.0" encoding="UTF-8"?>
<!-- Generated by org.testng.reporters.JUnitReportReporter -->
<testsuite hostname="LAPTOP-OAGKV113" failures="0" tests="1" name="com.testScripts.addToCart" time="9.546" errors="0" timestamp="2025-06-19T15:32:19 IST" skipped="0">
  <testcase classname="com.testScripts.addToCart" name="addToCartTest" time="9.546"/>
</testsuite> <!-- com.testScripts.addToCart -->
