<?xml version="1.0" encoding="UTF-8"?>
<!-- Generated by org.testng.reporters.JUnitReportReporter -->
<testsuite hostname="LAPTOP-OAGKV113" failures="0" tests="1" name="com.testScripts.homepageVerify" time="7.828" errors="0" timestamp="2025-06-19T18:08:22 IST" skipped="0">
  <testcase classname="com.testScripts.homepageVerify" name="verifyHomepageTest" time="7.828"/>
</testsuite> <!-- com.testScripts.homepageVerify -->
